2024-10-29 - 21:09:08
Workflow 'Update workflow.' started.
              Using DaVinci Configurator  5.18.37 SP1 (x86_64).
 21:09:08 - Action 'Validate workflow environment' started.
 21:09:08 - Action 'Validate dpa file' started.
 21:09:08 - Action 'Validate dpa file' successfully finished.
 21:09:08 - Action 'SLP conformance check' started.
 21:09:08 - Action 'SLP conformance check' successfully finished.
 21:09:08 - Action 'Validate workflow environment' successfully finished.
 21:09:08 - Action 'Input File Pre-Processing' started.
 21:09:08 - Action 'Converting legacy file(s) to AUTOSAR files' started.
 21:09:08 - Action 'Converting legacy file(s) to AUTOSAR files' started.
              Convert legacy file(s) to System Description.
              Used executable: D:\autosar\AUTOSAR_TOOLs\S32K144_SIP\MICROSAR\CBD1800257_D01_S32K1xx\Generators\LegacyDb2SystemDescrConverter\LegacyDb2SystemDescrConverter.exe.
              Arguments: "E:\autosar\DemoForDBC\Demo.dbc" -o "C:\Users\Hunry\AppData\Local\Temp\DaVinci\Cfg-7226734\LegacyConverterResults\1730207348145-0\ConvertedLegacy" -r 42 -e -v 19.
              
              Vector Legacy Database Converter.
              Version: 1.8.24.0.
              Copyright (c) 2018 Vector Informatik GmbH.
              License is restricted to the usage with CBD1800257 (D01) for MSR_Vector_SLP4.
              
              [info] SIP License found as D:\autosar\AUTOSAR_TOOLs\S32K144_SIP\MICROSAR\CBD1800257_D01_S32K1xx\SipLicense.lic.
              [info] Command line: D:\autosar\AUTOSAR_TOOLs\S32K144_SIP\MICROSAR\CBD1800257_D01_S32K1xx\Generators\LegacyDb2SystemDescrConverter\LegacyDb2SystemDescrConverter.exe "E:\autosar\DemoForDBC\Demo.dbc" -o "C:\Users\Hunry\AppData\Local\Temp\DaVinci\Cfg-7226734\LegacyConverterResults\1730207348145-0\ConvertedLegacy" -r 42 -e -v 19.
              [info] Converting DBC file E:\autosar\DemoForDBC\Demo.dbc.
              [warning] DBC attribute Manufacturer not defined.
                    ==> Use Manufacturer='Vector' as attribute value.
              [info] Writing System Description...
              [info] Writing 2 ECU Extracts...
              
              C:\Users\Hunry\AppData\Local\Temp\DaVinci\Cfg-7226734\LegacyConverterResults\1730207348145-0\ConvertedLegacy.arxml.
              C:\Users\Hunry\AppData\Local\Temp\DaVinci\Cfg-7226734\LegacyConverterResults\1730207348145-0\ConvertedLegacy_GW.arxml.
              C:\Users\Hunry\AppData\Local\Temp\DaVinci\Cfg-7226734\LegacyConverterResults\1730207348145-0\ConvertedLegacy_Veh_Door.arxml.
              Elapsed time: 0.836 seconds.
              0 Errors.
              1 Warnings.
              [Warning] Legacy Converter finished with errors/warnings.
 21:09:09 - Action 'Converting legacy file(s) to AUTOSAR files' successfully finished with warnings.
                 [Warning] Legacy Converter finished with errors/warnings.
 21:09:09 - Action 'Converting legacy file(s) to AUTOSAR files' successfully finished with warnings.
                 [Warning] Legacy Converter finished with errors/warnings.
 21:09:09 - Action 'Input File Pre-Processing' finished.
 21:09:09 - Action 'Create copy of the Project' started.
              Copy project 'E:\autosar\project\Demo1' to 'C:\Users\Hunry\AppData\Local\Temp\DaVinci\Cfg-7226734\Workflow\1730207349709-0'...
              Adjusting DPA file of copied project...
 21:09:09 - Action 'Create copy of the Project' successfully finished.
 21:09:09 - Action 'Close Project' started.
 21:09:10 - Action 'Close Project' successfully finished.
 21:09:14 - Action 'Prepare DaVinci Developer update data' started.
 21:09:14 - Action 'Prepare DaVinci Developer update data' successfully finished.
 21:09:14 - Action 'Prepare System Extract' started.
 21:09:14 - Action 'Preprocessing System Extract' started.
 21:09:14 - Action 'Preprocessing System Extract' successfully finished.
 21:09:14 - Action 'Create OEM Communication Extract' started.
 21:09:14 - Action 'Create OEM Communication Extract' successfully finished.
 21:09:14 - Action 'Prepare System Extract' successfully finished.
 21:09:14 - Action 'Updating the project' started.
 21:09:18 - Action 'Create ECU configuration' started.
              [Warning] COM52013: No transmission mode declared for the ISignalIPdu.
                          Extract Path: /PDU/PpDoorStateFrontLeft_oCAN00
                          Ecuc    Path: /Com/ComConfig/PpDoorStateFrontLeft_oCAN00_401cef01_Tx/ComTxIPdu.
              [Warning] COM52013: No transmission mode declared for the ISignalIPdu.
                          Extract Path: /PDU/PpDoorStateFrontRight_oCAN00
                          Ecuc    Path: /Com/ComConfig/PpDoorStateFrontRight_oCAN00_c9449d55_Tx/ComTxIPdu.
              [Warning] COM52013: No transmission mode declared for the ISignalIPdu.
                          Extract Path: /PDU/PpLightStateFront_oCAN00
                          Ecuc    Path: /Com/ComConfig/PpLightStateFront_oCAN00_7d4af1fd_Tx/ComTxIPdu.
 21:09:23 - Action 'Create ECU configuration' successfully finished with warnings.
                 [Warning] COM52013: No transmission mode declared for the ISignalIPdu.
                     Extract Path: /PDU/PpDoorStateFrontLeft_oCAN00
                     Ecuc    Path: /Com/ComConfig/PpDoorStateFrontLeft_oCAN00_401cef01_Tx/ComTxIPdu
                 [Warning] COM52013: No transmission mode declared for the ISignalIPdu.
                     Extract Path: /PDU/PpDoorStateFrontRight_oCAN00
                     Ecuc    Path: /Com/ComConfig/PpDoorStateFrontRight_oCAN00_c9449d55_Tx/ComTxIPdu
                 [Warning] COM52013: No transmission mode declared for the ISignalIPdu.
                     Extract Path: /PDU/PpLightStateFront_oCAN00
                     Ecuc    Path: /Com/ComConfig/PpLightStateFront_oCAN00_7d4af1fd_Tx/ComTxIPdu.
 21:09:23 - Action 'Update ECU configuration' started.
 21:09:23 - Action 'Update ECU configuration' started.
              No Package path available for module configuration: /ActiveEcuC/Com. Default /ActiveEcuC is used instead.
              No Package path available for module configuration: /ActiveEcuC/Mcu. Default /ActiveEcuC is used instead.
              No Package path available for module configuration: /ActiveEcuC/Rte. Default /ActiveEcuC is used instead.
              No Package path available for module configuration: /ActiveEcuC/EcuM. Default /ActiveEcuC is used instead.
              No Package path available for module configuration: /ActiveEcuC/Os. Default /ActiveEcuC is used instead.
              No Package path available for module configuration: /ActiveEcuC/PduR. Default /ActiveEcuC is used instead.
              No Package path available for module configuration: /ActiveEcuC/CanSM. Default /ActiveEcuC is used instead.
              No Package path available for module configuration: /ActiveEcuC/Can. Default /ActiveEcuC is used instead.
              No Package path available for module configuration: /ActiveEcuC/CanIf. Default /ActiveEcuC is used instead.
              No Package path available for module configuration: /ActiveEcuC/Det. Default /ActiveEcuC is used instead.
              No Package path available for module configuration: /ActiveEcuC/ComM. Default /ActiveEcuC is used instead.
              No Package path available for module configuration: /ActiveEcuC/EcuC. Default /ActiveEcuC is used instead.
              No Package path available for module configuration: /ActiveEcuC/BswM. Default /ActiveEcuC is used instead.
              No Package path available for module configuration: /ActiveEcuC/vSet. Default /ActiveEcuC is used instead.
 21:09:29 - Action 'Update ECU configuration' successfully finished.
 21:09:29 - Action 'Update ECU configuration' successfully finished.
 21:09:29 - Action 'Updating the project' finished.
 21:09:29 - Action 'Adapt project file' started.
 21:09:29 - Action 'Adapt project file' successfully finished.
 21:09:29 - Action 'Generate update report' started.
 21:09:37 - Action 'Generate update report' successfully finished.
 21:09:37 - Action 'Execute Solving Actions' started.
              Executing all Preferred-Solving-Actions...
              All Preferred-Solving-Actions done.
              Executing update specific Preferred-Solving-Actions...
              Update specific Preferred-Solving-Actions done.
 21:09:44 - Action 'Execute Solving Actions' successfully finished.
 21:09:44 - Action 'Update DaVinci Developer Workspace' started.
              29 Oct 2024 21:10:15 - Opening workspace 'C:\Users\Hunry\AppData\Local\Temp\DaVinci\Cfg-7226734\Workflow\1730207349709-0\Config\Developer\Door.dcf'...
              29 Oct 2024 21:10:17 - Loading file PlatformTypes_AR4.arxml (C:\Users\Hunry\AppData\Local\Temp\DaVinci\Cfg-7226734\Workflow\1730207349709-0\Config\AUTOSAR\PlatformTypes_AR4.arxml).
              29 Oct 2024 21:10:17 - Loading file BswM_swc.arxml (C:\Users\Hunry\AppData\Local\Temp\DaVinci\Cfg-7226734\Workflow\1730207349709-0\Config\ServiceComponents\BswM_swc.arxml).
              29 Oct 2024 21:10:17 - Loading file ComM_swc.arxml (C:\Users\Hunry\AppData\Local\Temp\DaVinci\Cfg-7226734\Workflow\1730207349709-0\Config\ServiceComponents\ComM_swc.arxml).
              29 Oct 2024 21:10:17 - Loading file Det_swc.arxml (C:\Users\Hunry\AppData\Local\Temp\DaVinci\Cfg-7226734\Workflow\1730207349709-0\Config\ServiceComponents\Det_swc.arxml).
              29 Oct 2024 21:10:17 - Loading file EcuM_swc.arxml (C:\Users\Hunry\AppData\Local\Temp\DaVinci\Cfg-7226734\Workflow\1730207349709-0\Config\ServiceComponents\EcuM_swc.arxml).
              29 Oct 2024 21:10:17 - Loading file Os_swc.arxml (C:\Users\Hunry\AppData\Local\Temp\DaVinci\Cfg-7226734\Workflow\1730207349709-0\Config\ServiceComponents\Os_swc.arxml).
              29 Oct 2024 21:10:18 - Loading file Constants.arxml (C:\Users\Hunry\AppData\Local\Temp\DaVinci\Cfg-7226734\Workflow\1730207349709-0\Config\Developer\Constants.arxml).
              29 Oct 2024 21:10:18 - Loading file CtApMySwc.arxml (C:\Users\Hunry\AppData\Local\Temp\DaVinci\Cfg-7226734\Workflow\1730207349709-0\Config\Developer\CtApMySwc.arxml).
              29 Oct 2024 21:10:18 - Loading file CtCoApplication.arxml (C:\Users\Hunry\AppData\Local\Temp\DaVinci\Cfg-7226734\Workflow\1730207349709-0\Config\Developer\CtCoApplication.arxml).
              29 Oct 2024 21:10:18 - Loading file CtSaDoor.arxml (C:\Users\Hunry\AppData\Local\Temp\DaVinci\Cfg-7226734\Workflow\1730207349709-0\Config\Developer\CtSaDoor.arxml).
              29 Oct 2024 21:10:18 - Loading file CtSalnteriorLight.arxml (C:\Users\Hunry\AppData\Local\Temp\DaVinci\Cfg-7226734\Workflow\1730207349709-0\Config\Developer\CtSalnteriorLight.arxml).
              29 Oct 2024 21:10:18 - Loading file DataTypes.arxml (C:\Users\Hunry\AppData\Local\Temp\DaVinci\Cfg-7226734\Workflow\1730207349709-0\Config\Developer\DataTypes.arxml).
              29 Oct 2024 21:10:18 - Loading file Door.arxml (C:\Users\Hunry\AppData\Local\Temp\DaVinci\Cfg-7226734\Workflow\1730207349709-0\Config\Developer\Door.arxml).
              29 Oct 2024 21:10:18 - Loading file Packages.arxml (C:\Users\Hunry\AppData\Local\Temp\DaVinci\Cfg-7226734\Workflow\1730207349709-0\Config\Developer\Packages.arxml).
              29 Oct 2024 21:10:18 - Loading file PortInterfaces.arxml (C:\Users\Hunry\AppData\Local\Temp\DaVinci\Cfg-7226734\Workflow\1730207349709-0\Config\Developer\PortInterfaces.arxml).
              29 Oct 2024 21:10:19 - Opened workspace 'C:\Users\Hunry\AppData\Local\Temp\DaVinci\Cfg-7226734\Workflow\1730207349709-0\Config\Developer\Door.dcf' successfully.
              29 Oct 2024 21:10:20 - Start import.
              29 Oct 2024 21:10:20 - Importing file (C:\Users\Hunry\AppData\Local\Temp\DaVinci\Cfg-7226734\Workflow\1730207349709-0\Config\System\SystemExtract.arxml).
              29 Oct 2024 21:10:21 - Merging imported data.
              29 Oct 2024 21:10:22 - Finished import.
              29 Oct 2024 21:10:22 - Saving workspace 'C:\Users\Hunry\AppData\Local\Temp\DaVinci\Cfg-7226734\Workflow\1730207349709-0\Config\Developer\Door.dcf'...
              29 Oct 2024 21:10:22 - Saving file Door.dvg (C:\Users\Hunry\AppData\Local\Temp\DaVinci\Cfg-7226734\Workflow\1730207349709-0\Config\Developer\Door.dvg).
              29 Oct 2024 21:10:22 - Saving file DataTypes.arxml (C:\Users\Hunry\AppData\Local\Temp\DaVinci\Cfg-7226734\Workflow\1730207349709-0\Config\Developer\DataTypes.arxml).
              29 Oct 2024 21:10:22 - Saving file Door.arxml (C:\Users\Hunry\AppData\Local\Temp\DaVinci\Cfg-7226734\Workflow\1730207349709-0\Config\Developer\Door.arxml).
              29 Oct 2024 21:10:22 - Saving file Packages.arxml (C:\Users\Hunry\AppData\Local\Temp\DaVinci\Cfg-7226734\Workflow\1730207349709-0\Config\Developer\Packages.arxml).
              29 Oct 2024 21:10:22 - Saved workspace 'C:\Users\Hunry\AppData\Local\Temp\DaVinci\Cfg-7226734\Workflow\1730207349709-0\Config\Developer\Door.dcf' successfully.
              29 Oct 2024 21:10:22 - Closing workspace 'C:\Users\Hunry\AppData\Local\Temp\DaVinci\Cfg-7226734\Workflow\1730207349709-0\Config\Developer\Door.dcf'...
              29 Oct 2024 21:10:22 - Closed workspace 'C:\Users\Hunry\AppData\Local\Temp\DaVinci\Cfg-7226734\Workflow\1730207349709-0\Config\Developer\Door.dcf' successfully.
              OK.
 21:10:23 - Action 'Update DaVinci Developer Workspace' successfully finished.
 21:10:24 - Action 'Update RTE configuration' started.
 21:10:25 - Action 'Update RTE configuration' successfully finished.
 21:10:25 - Action 'Align differences after successful update' started.
 21:10:26 - Action 'Align differences after successful update' successfully finished.
 21:10:26 - Action 'Clean up update data' started.
 21:10:26 - Action 'Clean up update data' successfully finished.
21:10:27 - Workflow 'Update workflow.' finished.
